{"C:\\Users\\stah\\Documents\\GitHub\\DCTerraria\\commandsList.js": {"path":"C:\\Users\\stah\\Documents\\GitHub\\DCTerraria\\commandsList.js","statementMap":{"0":{"start":{"line":1,"column":32},"end":{"line":1,"column":62}},"1":{"start":{"line":3,"column":17},"end":{"line":13,"column":36}},"2":{"start":{"line":13,"column":19},"end":{"line":13,"column":35}},"3":{"start":{"line":15,"column":0},"end":{"line":15,"column":26}}},"fnMap":{"0":{"name":"(anonymous_0)","decl":{"start":{"line":13,"column":6},"end":{"line":13,"column":7}},"loc":{"start":{"line":13,"column":19},"end":{"line":13,"column":35}},"line":13}},"branchMap":{},"s":{"0":1,"1":1,"2":3,"3":1},"f":{"0":3},"b":{},"_coverageSchema":"1a1c01bbd47fc00a2c39e90264f33305004495a9","hash":"a26ca2566c8a934426c27928e50e32d9794318c5"}
}
